# JRE version: Java(TM) SE Runtime Environment (8.0_91-b14) (build 1.8.0_91-b14)
# Java VM: Java HotSpot(TM) 64-Bit Server VM (25.91-b14 mixed mode windows-amd64 compressed oops)
Heap:
 PSYoungGen      total 67072K, used 35269K [0x00000000d6000000, 0x00000000dde80000, 0x0000000100000000)
  eden space 6144K, 14% used [0x00000000d6000000,0x00000000d60e16e0,0x00000000d6600000)
  from space 60928K, 56% used [0x00000000d6600000,0x00000000d8790000,0x00000000da180000)
  to   space 61440K, 0% used [0x00000000da280000,0x00000000da280000,0x00000000dde80000)
 ParOldGen       total 473088K, used 341456K [0x0000000082000000, 0x000000009ee00000, 0x00000000d6000000)
  object space 473088K, 72% used [0x0000000082000000,0x0000000096d74030,0x000000009ee00000)
 Metaspace       used 7390K, capacity 7536K, committed 7808K, reserved 1056768K
  class space    used 759K, capacity 788K, committed 896K, reserved 1048576K
GC Heap History (10 events):
Event: 596.195 GC heap before
{Heap before GC invocations=51 (full 4):
 PSYoungGen      total 67584K, used 26880K [0x00000000d6000000, 0x00000000de600000, 0x0000000100000000)
  eden space 5120K, 100% used [0x00000000d6000000,0x00000000d6500000,0x00000000d6500000)
  from space 62464K, 34% used [0x00000000da900000,0x00000000dbe40000,0x00000000de600000)
  to   space 66048K, 0% used [0x00000000d6500000,0x00000000d6500000,0x00000000da580000)
 ParOldGen       total 473088K, used 338464K [0x0000000082000000, 0x000000009ee00000, 0x00000000d6000000)
  object space 473088K, 71% used [0x0000000082000000,0x0000000096a88030,0x000000009ee00000)
 Metaspace       used 7389K, capacity 7536K, committed 7808K, reserved 1056768K
  class space    used 758K, capacity 788K, committed 896K, reserved 1048576K
Event: 596.220 GC heap after
Heap after GC invocations=51 (full 4):
 PSYoungGen      total 29696K, used 24448K [0x00000000d6000000, 0x00000000de080000, 0x0000000100000000)
  eden space 5120K, 0% used [0x00000000d6000000,0x00000000d6000000,0x00000000d6500000)
  from space 24576K, 99% used [0x00000000d6500000,0x00000000d7ce0000,0x00000000d7d00000)
  to   space 62976K, 0% used [0x00000000da300000,0x00000000da300000,0x00000000de080000)
 ParOldGen       total 473088K, used 338464K [0x0000000082000000, 0x000000009ee00000, 0x00000000d6000000)
  object space 473088K, 71% used [0x0000000082000000,0x0000000096a88030,0x000000009ee00000)
 Metaspace       used 7389K, capacity 7536K, committed 7808K, reserved 1056768K
  class space    used 758K, capacity 788K, committed 896K, reserved 1048576K
}
Event: 597.471 GC heap before
{Heap before GC invocations=52 (full 4):
 PSYoungGen      total 29696K, used 29568K [0x00000000d6000000, 0x00000000de080000, 0x0000000100000000)
  eden space 5120K, 100% used [0x00000000d6000000,0x00000000d6500000,0x00000000d6500000)
  from space 24576K, 99% used [0x00000000d6500000,0x00000000d7ce0000,0x00000000d7d00000)
  to   space 62976K, 0% used [0x00000000da300000,0x00000000da300000,0x00000000de080000)
 ParOldGen       total 473088K, used 338464K [0x0000000082000000, 0x000000009ee00000, 0x00000000d6000000)
  object space 473088K, 71% used [0x0000000082000000,0x0000000096a88030,0x000000009ee00000)
 Metaspace       used 7389K, capacity 7536K, committed 7808K, reserved 1056768K
  class space    used 758K, capacity 788K, committed 896K, reserved 1048576K
Event: 597.500 GC heap after
Heap after GC invocations=52 (full 4):
 PSYoungGen      total 65536K, used 27520K [0x00000000d6000000, 0x00000000ddd80000, 0x0000000100000000)
  eden space 5632K, 0% used [0x00000000d6000000,0x00000000d6000000,0x00000000d6580000)
  from space 59904K, 45% used [0x00000000da300000,0x00000000dbde0000,0x00000000ddd80000)
  to   space 61440K, 0% used [0x00000000d6580000,0x00000000d6580000,0x00000000da180000)
 ParOldGen       total 473088K, used 338464K [0x0000000082000000, 0x000000009ee00000, 0x00000000d6000000)
  object space 473088K, 71% used [0x0000000082000000,0x0000000096a88030,0x000000009ee00000)
 Metaspace       used 7389K, capacity 7536K, committed 7808K, reserved 1056768K
  class space    used 758K, capacity 788K, committed 896K, reserved 1048576K
}
Event: 598.992 GC heap before
{Heap before GC invocations=53 (full 4):
 PSYoungGen      total 65536K, used 33152K [0x00000000d6000000, 0x00000000ddd80000, 0x0000000100000000)
  eden space 5632K, 100% used [0x00000000d6000000,0x00000000d6580000,0x00000000d6580000)
  from space 59904K, 45% used [0x00000000da300000,0x00000000dbde0000,0x00000000ddd80000)
  to   space 61440K, 0% used [0x00000000d6580000,0x00000000d6580000,0x00000000da180000)
 ParOldGen       total 473088K, used 338464K [0x0000000082000000, 0x000000009ee00000, 0x00000000d6000000)
  object space 473088K, 71% used [0x0000000082000000,0x0000000096a88030,0x000000009ee00000)
 Metaspace       used 7389K, capacity 7536K, committed 7808K, reserved 1056768K
  class space    used 758K, capacity 788K, committed 896K, reserved 1048576K
Event: 599.023 GC heap after
Heap after GC invocations=53 (full 4):
 PSYoungGen      total 67072K, used 30176K [0x00000000d6000000, 0x00000000ddd00000, 0x0000000100000000)
  eden space 5632K, 0% used [0x00000000d6000000,0x00000000d6000000,0x00000000d6580000)
  from space 61440K, 49% used [0x00000000d6580000,0x00000000d82f8000,0x00000000da180000)
  to   space 60928K, 0% used [0x00000000da180000,0x00000000da180000,0x00000000ddd00000)
 ParOldGen       total 473088K, used 339264K [0x0000000082000000, 0x000000009ee00000, 0x00000000d6000000)
  object space 473088K, 71% used [0x0000000082000000,0x0000000096b50030,0x000000009ee00000)
 Metaspace       used 7389K, capacity 7536K, committed 7808K, reserved 1056768K
  class space    used 758K, capacity 788K, committed 896K, reserved 1048576K
}
Event: 599.700 GC heap before
{Heap before GC invocations=54 (full 4):
 PSYoungGen      total 67072K, used 35808K [0x00000000d6000000, 0x00000000ddd00000, 0x0000000100000000)
  eden space 5632K, 100% used [0x00000000d6000000,0x00000000d6580000,0x00000000d6580000)
  from space 61440K, 49% used [0x00000000d6580000,0x00000000d82f8000,0x00000000da180000)
  to   space 60928K, 0% used [0x00000000da180000,0x00000000da180000,0x00000000ddd00000)
 ParOldGen       total 473088K, used 339264K [0x0000000082000000, 0x000000009ee00000, 0x00000000d6000000)
  object space 473088K, 71% used [0x0000000082000000,0x0000000096b50030,0x000000009ee00000)
 Metaspace       used 7389K, capacity 7536K, committed 7808K, reserved 1056768K
  class space    used 758K, capacity 788K, committed 896K, reserved 1048576K
Event: 599.733 GC heap after
Heap after GC invocations=54 (full 4):
 PSYoungGen      total 67072K, used 32096K [0x00000000d6000000, 0x00000000ddd00000, 0x0000000100000000)
  eden space 6144K, 0% used [0x00000000d6000000,0x00000000d6000000,0x00000000d6600000)
  from space 60928K, 52% used [0x00000000da180000,0x00000000dc0d8000,0x00000000ddd00000)
  to   space 60928K, 0% used [0x00000000d6600000,0x00000000d6600000,0x00000000da180000)
 ParOldGen       total 473088K, used 340360K [0x0000000082000000, 0x000000009ee00000, 0x00000000d6000000)
  object space 473088K, 71% used [0x0000000082000000,0x0000000096c62030,0x000000009ee00000)
 Metaspace       used 7389K, capacity 7536K, committed 7808K, reserved 1056768K
  class space    used 758K, capacity 788K, committed 896K, reserved 1048576K
}
Event: 600.719 GC heap before
{Heap before GC invocations=55 (full 4):
 PSYoungGen      total 67072K, used 38240K [0x00000000d6000000, 0x00000000ddd00000, 0x0000000100000000)
  eden space 6144K, 100% used [0x00000000d6000000,0x00000000d6600000,0x00000000d6600000)
  from space 60928K, 52% used [0x00000000da180000,0x00000000dc0d8000,0x00000000ddd00000)
  to   space 60928K, 0% used [0x00000000d6600000,0x00000000d6600000,0x00000000da180000)
 ParOldGen       total 473088K, used 340360K [0x0000000082000000, 0x000000009ee00000, 0x00000000d6000000)
  object space 473088K, 71% used [0x0000000082000000,0x0000000096c62030,0x000000009ee00000)
 Metaspace       used 7389K, capacity 7536K, committed 7808K, reserved 1056768K
  class space    used 758K, capacity 788K, committed 896K, reserved 1048576K
Event: 600.756 GC heap after
Heap after GC invocations=55 (full 4):
 PSYoungGen      total 67072K, used 34368K [0x00000000d6000000, 0x00000000dde80000, 0x0000000100000000)
  eden space 6144K, 0% used [0x00000000d6000000,0x00000000d6000000,0x00000000d6600000)
  from space 60928K, 56% used [0x00000000d6600000,0x00000000d8790000,0x00000000da180000)
  to   space 61440K, 0% used [0x00000000da280000,0x00000000da280000,0x00000000dde80000)
 ParOldGen       total 473088K, used 341456K [0x0000000082000000, 0x000000009ee00000, 0x00000000d6000000)
  object space 473088K, 72% used [0x0000000082000000,0x0000000096d74030,0x000000009ee00000)
 Metaspace       used 7389K, capacity 7536K, committed 7808K, reserved 1056768K
  class space    used 758K, capacity 788K, committed 896K, reserved 1048576K
}

